Arguments: 
  /usr/bin/node /usr/bin/yarn add --dev @commitlint/config-conventional @commitlint/cli -D

PATH: 
  /home/gtto/.local/bin:/usr/local/sbin:/usr/local/bin:/usr/bin:/home/gtto/.config/yarn/global/node_modules/.bin:/usr/lib/jvm/default/bin:/usr/bin/site_perl:/usr/bin/vendor_perl:/usr/bin/core_perl:/var/lib/snapd/snap/bin

Yarn version: 
  1.22.17

Node version: 
  17.3.0

Platform: 
  linux x64

Trace: 
  SyntaxError: /home/gtto/WorkSpace/learning-area/package.json: Unexpected token } in JSON at position 235
      at JSON.parse (<anonymous>)
      at /usr/lib/node_modules/yarn/lib/cli.js:1625:59
      at Generator.next (<anonymous>)
      at step (/usr/lib/node_modules/yarn/lib/cli.js:310:30)
      at /usr/lib/node_modules/yarn/lib/cli.js:321:13

npm manifest: 
  {
    "name": "learning-area",
    "version": "1.0.0",
    "description": "",
    "main": "index.js",
    "scripts": {
      "test": "echo \"Error: no test specified\" && exit 1",
      "prepare": "husky install"
    },
    "extends":{
      "prettier"
    },
    "keywords": [],
    "author": "",
    "license": "ISC",
    "devDependencies": {
      "eslint-config-prettier": "^8.3.0",
      "husky": ">=6",
      "lint-staged": ">=10",
      "prettier": "^2.5.1"
    },
    "lint-staged": {
      "*.{js,css,md}": "prettier --write"
    }
  }

yarn manifest: 
  No manifest

Lockfile: 
  # THIS IS AN AUTOGENERATED FILE. DO NOT EDIT THIS FILE DIRECTLY.
  # yarn lockfile v1
  
  
  aggregate-error@^3.0.0:
    version "3.1.0"
    resolved "https://registry.npmmirror.com/aggregate-error/download/aggregate-error-3.1.0.tgz#92670ff50f5359bdb7a3e0d40d0ec30c5737687a"
    integrity sha1-kmcP9Q9TWb23o+DUDQ7DDFc3aHo=
    dependencies:
      clean-stack "^2.0.0"
      indent-string "^4.0.0"
  
  ansi-escapes@^4.3.0:
    version "4.3.2"
    resolved "https://registry.npmmirror.com/ansi-escapes/download/ansi-escapes-4.3.2.tgz#6b2291d1db7d98b6521d5f1efa42d0f3a9feb65e"
    integrity sha1-ayKR0dt9mLZSHV8e+kLQ86n+tl4=
    dependencies:
      type-fest "^0.21.3"
  
  ansi-regex@^5.0.1:
    version "5.0.1"
    resolved "https://registry.npmmirror.com/ansi-regex/download/ansi-regex-5.0.1.tgz#082cb2c89c9fe8659a311a53bd6a4dc5301db304"
    integrity sha1-CCyyyJyf6GWaMRpTvWpNxTAdswQ=
  
  ansi-regex@^6.0.1:
    version "6.0.1"
    resolved "https://registry.npmmirror.com/ansi-regex/download/ansi-regex-6.0.1.tgz#3183e38fae9a65d7cb5e53945cd5897d0260a06a"
    integrity sha1-MYPjj66aZdfLXlOUXNWJfQJgoGo=
  
  ansi-styles@^4.0.0:
    version "4.3.0"
    resolved "https://registry.npmmirror.com/ansi-styles/download/ansi-styles-4.3.0.tgz#edd803628ae71c04c85ae7a0906edad34b648937"
    integrity sha512-zbB9rCJAT1rbjiVDb2hqKFHNYLxgtk8NURxZ3IZwD3F6NtxbXZQCnnSi1Lkx+IDohdPlFp222wVALIheZJQSEg==
    dependencies:
      color-convert "^2.0.1"
  
  ansi-styles@^6.0.0:
    version "6.1.0"
    resolved "https://registry.npmmirror.com/ansi-styles/download/ansi-styles-6.1.0.tgz#87313c102b8118abd57371afab34618bf7350ed3"
    integrity sha512-VbqNsoz55SYGczauuup0MFUyXNQviSpFTj1RQtFzmQLk18qbVSpTFFGMT293rmDaQuKCT6InmbuEyUne4mTuxQ==
  
  astral-regex@^2.0.0:
    version "2.0.0"
    resolved "https://registry.npmmirror.com/astral-regex/download/astral-regex-2.0.0.tgz#483143c567aeed4785759c0865786dc77d7d2e31"
    integrity sha1-SDFDxWeu7UeFdZwIZXhtx319LjE=
  
  braces@^3.0.1:
    version "3.0.2"
    resolved "https://registry.npmmirror.com/braces/download/braces-3.0.2.tgz#3454e1a462ee8d599e236df336cd9ea4f8afe107"
    integrity sha1-NFThpGLujVmeI23zNs2epPiv4Qc=
    dependencies:
      fill-range "^7.0.1"
  
  clean-stack@^2.0.0:
    version "2.2.0"
    resolved "https://registry.npmmirror.com/clean-stack/download/clean-stack-2.2.0.tgz#ee8472dbb129e727b31e8a10a427dee9dfe4008b"
    integrity sha1-7oRy27Ep5yezHooQpCfe6d/kAIs=
  
  cli-cursor@^3.1.0:
    version "3.1.0"
    resolved "https://registry.npmmirror.com/cli-cursor/download/cli-cursor-3.1.0.tgz#264305a7ae490d1d03bf0c9ba7c925d1753af307"
    integrity sha1-JkMFp65JDR0Dvwybp8kl0XU68wc=
    dependencies:
      restore-cursor "^3.1.0"
  
  cli-truncate@^2.1.0:
    version "2.1.0"
    resolved "https://registry.npmmirror.com/cli-truncate/download/cli-truncate-2.1.0.tgz?cache=0&sync_timestamp=1633786944437&other_urls=https%3A%2F%2Fregistry.npmmirror.com%2Fcli-truncate%2Fdownload%2Fcli-truncate-2.1.0.tgz#c39e28bf05edcde5be3b98992a22deed5a2b93c7"
    integrity sha1-w54ovwXtzeW+O5iZKiLe7Vork8c=
    dependencies:
      slice-ansi "^3.0.0"
      string-width "^4.2.0"
  
  cli-truncate@^3.1.0:
    version "3.1.0"
    resolved "https://registry.npmmirror.com/cli-truncate/download/cli-truncate-3.1.0.tgz?cache=0&sync_timestamp=1633786944437&other_urls=https%3A%2F%2Fregistry.npmmirror.com%2Fcli-truncate%2Fdownload%2Fcli-truncate-3.1.0.tgz#3f23ab12535e3d73e839bb43e73c9de487db1389"
    integrity sha1-PyOrElNePXPoObtD5zyd5IfbE4k=
    dependencies:
      slice-ansi "^5.0.0"
      string-width "^5.0.0"
  
  color-convert@^2.0.1:
    version "2.0.1"
    resolved "https://registry.npmmirror.com/color-convert/download/color-convert-2.0.1.tgz#72d3a68d598c9bdb3af2ad1e84f21d896abd4de3"
    integrity sha1-ctOmjVmMm9s68q0ehPIdiWq9TeM=
    dependencies:
      color-name "~1.1.4"
  
  color-name@~1.1.4:
    version "1.1.4"
    resolved "https://registry.npmmirror.com/color-name/download/color-name-1.1.4.tgz#c2a09a87acbde69543de6f63fa3995c826c536a2"
    integrity sha1-wqCah6y95pVD3m9j+jmVyCbFNqI=
  
  colorette@^2.0.16:
    version "2.0.16"
    resolved "https://registry.npmmirror.com/colorette/download/colorette-2.0.16.tgz?cache=0&sync_timestamp=1633673099786&other_urls=https%3A%2F%2Fregistry.npmmirror.com%2Fcolorette%2Fdownload%2Fcolorette-2.0.16.tgz#713b9af84fdb000139f04546bd4a93f62a5085da"
    integrity sha1-cTua+E/bAAE58EVGvUqT9ipQhdo=
  
  commander@^8.3.0:
    version "8.3.0"
    resolved "https://registry.npmmirror.com/commander/download/commander-8.3.0.tgz#4837ea1b2da67b9c616a67afbb0fafee567bca66"
    integrity sha512-OkTL9umf+He2DZkUq8f8J9of7yL6RJKI24dVITBmNfZBmri9zYZQrKkuXiKhyfPSu8tUhnVBB1iKXevvnlR4Ww==
  
  cross-spawn@^7.0.3:
    version "7.0.3"
    resolved "https://registry.npmmirror.com/cross-spawn/download/cross-spawn-7.0.3.tgz#f73a85b9d5d41d045551c177e2882d4ac85728a6"
    integrity sha1-9zqFudXUHQRVUcF34ogtSshXKKY=
    dependencies:
      path-key "^3.1.0"
      shebang-command "^2.0.0"
      which "^2.0.1"
  
  debug@^4.3.3:
    version "4.3.3"
    resolved "https://registry.npmmirror.com/debug/download/debug-4.3.3.tgz#04266e0b70a98d4462e6e288e38259213332b664"
    integrity sha512-/zxw5+vh1Tfv+4Qn7a5nsbcJKPaSvCDhojn6FEl9vupwK2VCSDtEiEtqr8DFtzYFOdz63LBkxec7DYuc2jon6Q==
    dependencies:
      ms "2.1.2"
  
  eastasianwidth@^0.2.0:
    version "0.2.0"
    resolved "https://registry.npmmirror.com/eastasianwidth/download/eastasianwidth-0.2.0.tgz#696ce2ec0aa0e6ea93a397ffcf24aa7840c827cb"
    integrity sha1-aWzi7Aqg5uqTo5f/zySqeEDIJ8s=
  
  emoji-regex@^8.0.0:
    version "8.0.0"
    resolved "https://registry.npmmirror.com/emoji-regex/download/emoji-regex-8.0.0.tgz?cache=0&sync_timestamp=1632752198735&other_urls=https%3A%2F%2Fregistry.npmmirror.com%2Femoji-regex%2Fdownload%2Femoji-regex-8.0.0.tgz#e818fd69ce5ccfcb404594f842963bf53164cc37"
    integrity sha1-6Bj9ac5cz8tARZT4QpY79TFkzDc=
  
  emoji-regex@^9.2.2:
    version "9.2.2"
    resolved "https://registry.npmmirror.com/emoji-regex/download/emoji-regex-9.2.2.tgz?cache=0&sync_timestamp=1632752198735&other_urls=https%3A%2F%2Fregistry.npmmirror.com%2Femoji-regex%2Fdownload%2Femoji-regex-9.2.2.tgz#840c8803b0d8047f4ff0cf963176b32d4ef3ed72"
    integrity sha1-hAyIA7DYBH9P8M+WMXazLU7z7XI=
  
  eslint-config-prettier@^8.3.0:
    version "8.3.0"
    resolved "https://registry.npmmirror.com/eslint-config-prettier/download/eslint-config-prettier-8.3.0.tgz#f7471b20b6fe8a9a9254cc684454202886a2dd7a"
    integrity sha1-90cbILb+ipqSVMxoRFQgKIai3Xo=
  
  execa@^5.1.1:
    version "5.1.1"
    resolved "https://registry.npmmirror.com/execa/download/execa-5.1.1.tgz?cache=0&sync_timestamp=1637147236741&other_urls=https%3A%2F%2Fregistry.npmmirror.com%2Fexeca%2Fdownload%2Fexeca-5.1.1.tgz#f80ad9cbf4298f7bd1d4c9555c21e93741c411dd"
    integrity sha1-+ArZy/Qpj3vR1MlVXCHpN0HEEd0=
    dependencies:
      cross-spawn "^7.0.3"
      get-stream "^6.0.0"
      human-signals "^2.1.0"
      is-stream "^2.0.0"
      merge-stream "^2.0.0"
      npm-run-path "^4.0.1"
      onetime "^5.1.2"
      signal-exit "^3.0.3"
      strip-final-newline "^2.0.0"
  
  fill-range@^7.0.1:
    version "7.0.1"
    resolved "https://registry.npmmirror.com/fill-range/download/fill-range-7.0.1.tgz#1919a6a7c75fe38b2c7c77e5198535da9acdda40"
    integrity sha1-GRmmp8df44ssfHflGYU12prN2kA=
    dependencies:
      to-regex-range "^5.0.1"
  
  get-stream@^6.0.0:
    version "6.0.1"
    resolved "https://registry.npmmirror.com/get-stream/download/get-stream-6.0.1.tgz#a262d8eef67aced57c2852ad6167526a43cbf7b7"
    integrity sha1-omLY7vZ6ztV8KFKtYWdSakPL97c=
  
  human-signals@^2.1.0:
    version "2.1.0"
    resolved "https://registry.npmmirror.com/human-signals/download/human-signals-2.1.0.tgz#dc91fcba42e4d06e4abaed33b3e7a3c02f514ea0"
    integrity sha1-3JH8ukLk0G5Kuu0zs+ejwC9RTqA=
  
  husky@>=6:
    version "7.0.4"
    resolved "https://registry.npmmirror.com/husky/download/husky-7.0.4.tgz#242048245dc49c8fb1bf0cc7cfb98dd722531535"
    integrity sha1-JCBIJF3EnI+xvwzHz7mN1yJTFTU=
  
  indent-string@^4.0.0:
    version "4.0.0"
    resolved "https://registry.npmmirror.com/indent-string/download/indent-string-4.0.0.tgz?cache=0&sync_timestamp=1632738240895&other_urls=https%3A%2F%2Fregistry.npmmirror.com%2Findent-string%2Fdownload%2Findent-string-4.0.0.tgz#624f8f4497d619b2d9768531d58f4122854d7251"
    integrity sha1-Yk+PRJfWGbLZdoUx1Y9BIoVNclE=
  
  is-fullwidth-code-point@^3.0.0:
    version "3.0.0"
    resolved "https://registry.npmmirror.com/is-fullwidth-code-point/download/is-fullwidth-code-point-3.0.0.tgz#f116f8064fe90b3f7844a38997c0b75051269f1d"
    integrity sha1-8Rb4Bk/pCz94RKOJl8C3UFEmnx0=
  
  is-fullwidth-code-point@^4.0.0:
    version "4.0.0"
    resolved "https://registry.npmmirror.com/is-fullwidth-code-point/download/is-fullwidth-code-point-4.0.0.tgz#fae3167c729e7463f8461ce512b080a49268aa88"
    integrity sha1-+uMWfHKedGP4RhzlErCApJJoqog=
  
  is-number@^7.0.0:
    version "7.0.0"
    resolved "https://registry.npmmirror.com/is-number/download/is-number-7.0.0.tgz#7535345b896734d5f80c4d06c50955527a14f12b"
    integrity sha1-dTU0W4lnNNX4DE0GxQlVUnoU8Ss=
  
  is-stream@^2.0.0:
    version "2.0.1"
    resolved "https://registry.npmmirror.com/is-stream/download/is-stream-2.0.1.tgz#fac1e3d53b97ad5a9d0ae9cef2389f5810a5c077"
    integrity sha1-+sHj1TuXrVqdCunO8jifWBClwHc=
  
  isexe@^2.0.0:
    version "2.0.0"
    resolved "https://registry.npmmirror.com/isexe/download/isexe-2.0.0.tgz#e8fbf374dc556ff8947a10dcb0572d633f2cfa10"
    integrity sha1-6PvzdNxVb/iUehDcsFctYz8s+hA=
  
  lilconfig@2.0.4:
    version "2.0.4"
    resolved "https://registry.npmmirror.com/lilconfig/download/lilconfig-2.0.4.tgz#f4507d043d7058b380b6a8f5cb7bcd4b34cee082"
    integrity sha1-9FB9BD1wWLOAtqj1y3vNSzTO4II=
  
  lint-staged@>=10:
    version "12.3.2"
    resolved "https://registry.npmmirror.com/lint-staged/download/lint-staged-12.3.2.tgz#c87fe59dca475b7d1cb56863c5faa03c145e1446"
    integrity sha512-gtw4Cbj01SuVSfAOXC6ivd/7VKHTj51yj5xV8TgktFmYNMsZzXuSd5/brqJEA93v63wL7R6iDlunMANOechC0A==
    dependencies:
      cli-truncate "^3.1.0"
      colorette "^2.0.16"
      commander "^8.3.0"
      debug "^4.3.3"
      execa "^5.1.1"
      lilconfig "2.0.4"
      listr2 "^4.0.1"
      micromatch "^4.0.4"
      normalize-path "^3.0.0"
      object-inspect "^1.12.0"
      string-argv "^0.3.1"
      supports-color "^9.2.1"
      yaml "^1.10.2"
  
  listr2@^4.0.1:
    version "4.0.1"
    resolved "https://registry.npmmirror.com/listr2/download/listr2-4.0.1.tgz#e050c1fd390276e191f582603d6e3531cd6fd2b3"
    integrity sha512-D65Nl+zyYHL2jQBGmxtH/pU8koPZo5C8iCNE8EoB04RwPgQG1wuaKwVbeZv9LJpiH4Nxs0FCp+nNcG8OqpniiA==
    dependencies:
      cli-truncate "^2.1.0"
      colorette "^2.0.16"
      log-update "^4.0.0"
      p-map "^4.0.0"
      rfdc "^1.3.0"
      rxjs "^7.5.2"
      through "^2.3.8"
      wrap-ansi "^7.0.0"
  
  log-update@^4.0.0:
    version "4.0.0"
    resolved "https://registry.npmmirror.com/log-update/download/log-update-4.0.0.tgz?cache=0&sync_timestamp=1634542359448&other_urls=https%3A%2F%2Fregistry.npmmirror.com%2Flog-update%2Fdownload%2Flog-update-4.0.0.tgz#589ecd352471f2a1c0c570287543a64dfd20e0a1"
    integrity sha1-WJ7NNSRx8qHAxXAodUOmTf0g4KE=
    dependencies:
      ansi-escapes "^4.3.0"
      cli-cursor "^3.1.0"
      slice-ansi "^4.0.0"
      wrap-ansi "^6.2.0"
  
  merge-stream@^2.0.0:
    version "2.0.0"
    resolved "https://registry.npmmirror.com/merge-stream/download/merge-stream-2.0.0.tgz#52823629a14dd00c9770fb6ad47dc6310f2c1f60"
    integrity sha1-UoI2KaFN0AyXcPtq1H3GMQ8sH2A=
  
  micromatch@^4.0.4:
    version "4.0.4"
    resolved "https://registry.npmmirror.com/micromatch/download/micromatch-4.0.4.tgz#896d519dfe9db25fce94ceb7a500919bf881ebf9"
    integrity sha1-iW1Rnf6dsl/OlM63pQCRm/iB6/k=
    dependencies:
      braces "^3.0.1"
      picomatch "^2.2.3"
  
  mimic-fn@^2.1.0:
    version "2.1.0"
    resolved "https://registry.npmmirror.com/mimic-fn/download/mimic-fn-2.1.0.tgz#7ed2c2ccccaf84d3ffcb7a69b57711fc2083401b"
    integrity sha1-ftLCzMyvhNP/y3pptXcR/CCDQBs=
  
  ms@2.1.2:
    version "2.1.2"
    resolved "https://registry.npmmirror.com/ms/download/ms-2.1.2.tgz#d09d1f357b443f493382a8eb3ccd183872ae6009"
    integrity sha1-0J0fNXtEP0kzgqjrPM0YOHKuYAk=
  
  normalize-path@^3.0.0:
    version "3.0.0"
    resolved "https://registry.npmmirror.com/normalize-path/download/normalize-path-3.0.0.tgz#0dcd69ff23a1c9b11fd0978316644a0388216a65"
    integrity sha1-Dc1p/yOhybEf0JeDFmRKA4ghamU=
  
  npm-run-path@^4.0.1:
    version "4.0.1"
    resolved "https://registry.npmmirror.com/npm-run-path/download/npm-run-path-4.0.1.tgz?cache=0&sync_timestamp=1633420583639&other_urls=https%3A%2F%2Fregistry.npmmirror.com%2Fnpm-run-path%2Fdownload%2Fnpm-run-path-4.0.1.tgz#b7ecd1e5ed53da8e37a55e1c2269e0b97ed748ea"
    integrity sha1-t+zR5e1T2o43pV4cImnguX7XSOo=
    dependencies:
      path-key "^3.0.0"
  
  object-inspect@^1.12.0:
    version "1.12.0"
    resolved "https://registry.npmmirror.com/object-inspect/download/object-inspect-1.12.0.tgz#6e2c120e868fd1fd18cb4f18c31741d0d6e776f0"
    integrity sha512-Ho2z80bVIvJloH+YzRmpZVQe87+qASmBUKZDWgx9cu+KDrX2ZDH/3tMy+gXbZETVGs2M8YdxObOh7XAtim9Y0g==
  
  onetime@^5.1.0, onetime@^5.1.2:
    version "5.1.2"
    resolved "https://registry.npmmirror.com/onetime/download/onetime-5.1.2.tgz#d0e96ebb56b07476df1dd9c4806e5237985ca45e"
    integrity sha1-0Oluu1awdHbfHdnEgG5SN5hcpF4=
    dependencies:
      mimic-fn "^2.1.0"
  
  p-map@^4.0.0:
    version "4.0.0"
    resolved "https://registry.npmmirror.com/p-map/download/p-map-4.0.0.tgz?cache=0&sync_timestamp=1635931916150&other_urls=https%3A%2F%2Fregistry.npmmirror.com%2Fp-map%2Fdownload%2Fp-map-4.0.0.tgz#bb2f95a5eda2ec168ec9274e06a747c3e2904d2b"
    integrity sha1-uy+Vpe2i7BaOySdOBqdHw+KQTSs=
    dependencies:
      aggregate-error "^3.0.0"
  
  path-key@^3.0.0, path-key@^3.1.0:
    version "3.1.1"
    resolved "https://registry.npmmirror.com/path-key/download/path-key-3.1.1.tgz#581f6ade658cbba65a0d3380de7753295054f375"
    integrity sha1-WB9q3mWMu6ZaDTOA3ndTKVBU83U=
  
  picomatch@^2.2.3:
    version "2.3.1"
    resolved "https://registry.npmmirror.com/picomatch/download/picomatch-2.3.1.tgz#3ba3833733646d9d3e4995946c1365a67fb07a42"
    integrity sha512-JU3teHTNjmE2VCGFzuY8EXzCDVwEqB2a8fsIvwaStHhAWJEeVd1o1QD80CU6+ZdEXXSLbSsuLwJjkCBWqRQUVA==
  
  prettier@^2.5.1:
    version "2.5.1"
    resolved "https://registry.npmmirror.com/prettier/download/prettier-2.5.1.tgz#fff75fa9d519c54cf0fce328c1017d94546bc56a"
    integrity sha512-vBZcPRUR5MZJwoyi3ZoyQlc1rXeEck8KgeC9AwwOn+exuxLxq5toTRDTSaVrXHxelDMHy9zlicw8u66yxoSUFg==
  
  restore-cursor@^3.1.0:
    version "3.1.0"
    resolved "https://registry.npmmirror.com/restore-cursor/download/restore-cursor-3.1.0.tgz#39f67c54b3a7a58cea5236d95cf0034239631f7e"
    integrity sha1-OfZ8VLOnpYzqUjbZXPADQjljH34=
    dependencies:
      onetime "^5.1.0"
      signal-exit "^3.0.2"
  
  rfdc@^1.3.0:
    version "1.3.0"
    resolved "https://registry.npmmirror.com/rfdc/download/rfdc-1.3.0.tgz#d0b7c441ab2720d05dc4cf26e01c89631d9da08b"
    integrity sha1-0LfEQasnINBdxM8m4ByJYx2doIs=
  
  rxjs@^7.5.2:
    version "7.5.2"
    resolved "https://registry.npmmirror.com/rxjs/download/rxjs-7.5.2.tgz#11e4a3a1dfad85dbf7fb6e33cbba17668497490b"
    integrity sha512-PwDt186XaL3QN5qXj/H9DGyHhP3/RYYgZZwqBv9Tv8rsAaiwFH1IsJJlcgD37J7UW5a6O67qX0KWKS3/pu0m4w==
    dependencies:
      tslib "^2.1.0"
  
  shebang-command@^2.0.0:
    version "2.0.0"
    resolved "https://registry.npmmirror.com/shebang-command/download/shebang-command-2.0.0.tgz#ccd0af4f8835fbdc265b82461aaf0c36663f34ea"
    integrity sha1-zNCvT4g1+9wmW4JGGq8MNmY/NOo=
    dependencies:
      shebang-regex "^3.0.0"
  
  shebang-regex@^3.0.0:
    version "3.0.0"
    resolved "https://registry.npmmirror.com/shebang-regex/download/shebang-regex-3.0.0.tgz#ae16f1644d873ecad843b0307b143362d4c42172"
    integrity sha1-rhbxZE2HPsrYQ7AwexQzYtTEIXI=
  
  signal-exit@^3.0.2, signal-exit@^3.0.3:
    version "3.0.6"
    resolved "https://registry.npmmirror.com/signal-exit/download/signal-exit-3.0.6.tgz#24e630c4b0f03fea446a2bd299e62b4a6ca8d0af"
    integrity sha512-sDl4qMFpijcGw22U5w63KmD3cZJfBuFlVNbVMKje2keoKML7X2UzWbc4XrmEbDwg0NXJc3yv4/ox7b+JWb57kQ==
  
  slice-ansi@^3.0.0:
    version "3.0.0"
    resolved "https://registry.npmmirror.com/slice-ansi/download/slice-ansi-3.0.0.tgz?cache=0&sync_timestamp=1632753426896&other_urls=https%3A%2F%2Fregistry.npmmirror.com%2Fslice-ansi%2Fdownload%2Fslice-ansi-3.0.0.tgz#31ddc10930a1b7e0b67b08c96c2f49b77a789787"
    integrity sha1-Md3BCTCht+C2ewjJbC9Jt3p4l4c=
    dependencies:
      ansi-styles "^4.0.0"
      astral-regex "^2.0.0"
      is-fullwidth-code-point "^3.0.0"
  
  slice-ansi@^4.0.0:
    version "4.0.0"
    resolved "https://registry.npmmirror.com/slice-ansi/download/slice-ansi-4.0.0.tgz?cache=0&sync_timestamp=1632753426896&other_urls=https%3A%2F%2Fregistry.npmmirror.com%2Fslice-ansi%2Fdownload%2Fslice-ansi-4.0.0.tgz#500e8dd0fd55b05815086255b3195adf2a45fe6b"
    integrity sha1-UA6N0P1VsFgVCGJVsxla3ypF/ms=
    dependencies:
      ansi-styles "^4.0.0"
      astral-regex "^2.0.0"
      is-fullwidth-code-point "^3.0.0"
  
  slice-ansi@^5.0.0:
    version "5.0.0"
    resolved "https://registry.npmmirror.com/slice-ansi/download/slice-ansi-5.0.0.tgz?cache=0&sync_timestamp=1632753426896&other_urls=https%3A%2F%2Fregistry.npmmirror.com%2Fslice-ansi%2Fdownload%2Fslice-ansi-5.0.0.tgz#b73063c57aa96f9cd881654b15294d95d285c42a"
    integrity sha1-tzBjxXqpb5zYgWVLFSlNldKFxCo=
    dependencies:
      ansi-styles "^6.0.0"
      is-fullwidth-code-point "^4.0.0"
  
  string-argv@^0.3.1:
    version "0.3.1"
    resolved "https://registry.npmmirror.com/string-argv/download/string-argv-0.3.1.tgz?cache=0&sync_timestamp=1632753445807&other_urls=https%3A%2F%2Fregistry.npmmirror.com%2Fstring-argv%2Fdownload%2Fstring-argv-0.3.1.tgz#95e2fbec0427ae19184935f816d74aaa4c5c19da"
    integrity sha1-leL77AQnrhkYSTX4FtdKqkxcGdo=
  
  string-width@^4.1.0, string-width@^4.2.0:
    version "4.2.3"
    resolved "https://registry.npmmirror.com/string-width/download/string-width-4.2.3.tgz#269c7117d27b05ad2e536830a8ec895ef9c6d010"
    integrity sha1-JpxxF9J7Ba0uU2gwqOyJXvnG0BA=
    dependencies:
      emoji-regex "^8.0.0"
      is-fullwidth-code-point "^3.0.0"
      strip-ansi "^6.0.1"
  
  string-width@^5.0.0:
    version "5.1.0"
    resolved "https://registry.npmmirror.com/string-width/download/string-width-5.1.0.tgz#5ab00980cfb29f43e736b113a120a73a0fb569d3"
    integrity sha512-7x54QnN21P+XL/v8SuNKvfgsUre6PXpN7mc77N3HlZv+f1SBRGmjxtOud2Z6FZ8DmdkD/IdjCaf9XXbnqmTZGQ==
    dependencies:
      eastasianwidth "^0.2.0"
      emoji-regex "^9.2.2"
      strip-ansi "^7.0.1"
  
  strip-ansi@^6.0.0, strip-ansi@^6.0.1:
    version "6.0.1"
    resolved "https://registry.npmmirror.com/strip-ansi/download/strip-ansi-6.0.1.tgz#9e26c63d30f53443e9489495b2105d37b67a85d9"
    integrity sha1-nibGPTD1NEPpSJSVshBdN7Z6hdk=
    dependencies:
      ansi-regex "^5.0.1"
  
  strip-ansi@^7.0.1:
    version "7.0.1"
    resolved "https://registry.npmmirror.com/strip-ansi/download/strip-ansi-7.0.1.tgz#61740a08ce36b61e50e65653f07060d000975fb2"
    integrity sha1-YXQKCM42th5Q5lZT8HBg0ACXX7I=
    dependencies:
      ansi-regex "^6.0.1"
  
  strip-final-newline@^2.0.0:
    version "2.0.0"
    resolved "https://registry.npmmirror.com/strip-final-newline/download/strip-final-newline-2.0.0.tgz#89b852fb2fcbe936f6f4b3187afb0a12c1ab58ad"
    integrity sha1-ibhS+y/L6Tb29LMYevsKEsGrWK0=
  
  supports-color@^9.2.1:
    version "9.2.1"
    resolved "https://registry.npmmirror.com/supports-color/download/supports-color-9.2.1.tgz#599dc9d45acf74c6176e0d880bab1d7d718fe891"
    integrity sha512-Obv7ycoCTG51N7y175StI9BlAXrmgZrFhZOb0/PyjHBher/NmsdBgbbQ1Inhq+gIhz6+7Gb+jWF2Vqi7Mf1xnQ==
  
  through@^2.3.8:
    version "2.3.8"
    resolved "https://registry.npmmirror.com/through/download/through-2.3.8.tgz#0dd4c9ffaabc357960b1b724115d7e0e86a2e1f5"
    integrity sha1-DdTJ/6q8NXlgsbckEV1+Doai4fU=
  
  to-regex-range@^5.0.1:
    version "5.0.1"
    resolved "https://registry.npmmirror.com/to-regex-range/download/to-regex-range-5.0.1.tgz#1648c44aae7c8d988a326018ed72f5b4dd0392e4"
    integrity sha1-FkjESq58jZiKMmAY7XL1tN0DkuQ=
    dependencies:
      is-number "^7.0.0"
  
  tslib@^2.1.0:
    version "2.3.1"
    resolved "https://registry.npmmirror.com/tslib/download/tslib-2.3.1.tgz#e8a335add5ceae51aa261d32a490158ef042ef01"
    integrity sha512-77EbyPPpMz+FRFRuAFlWMtmgUWGe9UOG2Z25NqCwiIjRhOf5iKGuzSe5P2w1laq+FkRy4p+PCuVkJSGkzTEKVw==
  
  type-fest@^0.21.3:
    version "0.21.3"
    resolved "https://registry.npmmirror.com/type-fest/download/type-fest-0.21.3.tgz#d260a24b0198436e133fa26a524a6d65fa3b2e37"
    integrity sha1-0mCiSwGYQ24TP6JqUkptZfo7Ljc=
  
  which@^2.0.1:
    version "2.0.2"
    resolved "https://registry.npmmirror.com/which/download/which-2.0.2.tgz#7c6a8dd0a636a0327e10b59c9286eee93f3f51b1"
    integrity sha1-fGqN0KY2oDJ+ELWckobu6T8/UbE=
    dependencies:
      isexe "^2.0.0"
  
  wrap-ansi@^6.2.0:
    version "6.2.0"
    resolved "https://registry.npmmirror.com/wrap-ansi/download/wrap-ansi-6.2.0.tgz#e9393ba07102e6c91a3b221478f0257cd2856e53"
    integrity sha1-6Tk7oHEC5skaOyIUePAlfNKFblM=
    dependencies:
      ansi-styles "^4.0.0"
      string-width "^4.1.0"
      strip-ansi "^6.0.0"
  
  wrap-ansi@^7.0.0:
    version "7.0.0"
    resolved "https://registry.npmmirror.com/wrap-ansi/download/wrap-ansi-7.0.0.tgz#67e145cff510a6a6984bdf1152911d69d2eb9e43"
    integrity sha1-Z+FFz/UQpqaYS98RUpEdadLrnkM=
    dependencies:
      ansi-styles "^4.0.0"
      string-width "^4.1.0"
      strip-ansi "^6.0.0"
  
  yaml@^1.10.2:
    version "1.10.2"
    resolved "https://registry.npmmirror.com/yaml/download/yaml-1.10.2.tgz#2301c5ffbf12b467de8da2333a459e29e7920e4b"
    integrity sha512-r3vXyErRCYJ7wg28yvBY5VSoAF8ZvlcW9/BwUzEtUsjvX/DKs24dIkuwjtuprwJJHsbyUbLApepYTR1BN4uHrg==
